{
  "RSpec": {
    "coverage": {
      "/Users/jessgordon/Projects/week10/gilded-rose-ruby/spec/gilded_rose_spec.rb": {
        "lines": [
          null,
          null,
          1,
          null,
          1,
          1,
          1,
          5,
          5,
          null,
          1,
          4,
          null,
          null,
          1,
          4,
          null,
          null,
          1,
          12,
          null,
          1,
          1,
          null,
          null,
          1,
          21,
          null,
          1,
          null,
          null,
          null,
          1,
          4,
          4,
          null,
          1,
          4,
          null,
          null,
          1,
          4,
          null,
          null,
          1,
          61,
          null,
          1,
          null,
          null,
          null,
          1,
          3,
          3,
          null,
          1,
          1,
          null,
          1,
          null,
          null,
          1,
          1,
          null,
          1,
          null,
          null,
          null,
          1,
          6,
          6,
          null,
          1,
          4,
          null,
          null,
          1,
          6,
          null,
          1,
          1,
          null,
          null,
          1,
          11,
          null,
          1,
          1,
          null,
          null,
          1,
          16,
          null,
          1,
          1,
          null,
          null,
          1,
          17,
          null,
          1,
          1,
          null,
          null,
          null,
          1,
          4,
          4,
          null,
          1,
          4,
          null,
          null,
          1,
          4,
          null,
          null,
          1,
          4,
          4,
          null,
          null,
          null,
          null
        ]
      },
      "/Users/jessgordon/Projects/week10/gilded-rose-ruby/lib/gilded_rose.rb": {
        "lines": [
          1,
          1,
          1,
          null,
          1,
          1,
          null,
          1,
          1,
          null,
          1,
          17,
          null,
          null,
          1,
          150,
          150,
          148,
          148,
          null,
          null,
          null,
          null,
          1,
          null,
          1,
          148,
          null,
          62,
          null,
          47,
          null,
          6,
          null,
          33,
          null,
          null,
          null,
          1,
          62,
          62,
          null,
          null,
          1,
          47,
          47,
          47,
          47,
          47,
          null,
          null,
          1,
          6,
          6,
          null,
          null,
          1,
          45,
          45,
          45,
          null,
          null,
          1,
          109,
          null,
          null,
          1,
          45,
          null,
          null,
          1,
          148,
          null,
          null,
          null,
          1,
          1,
          null,
          1,
          17,
          17,
          17,
          null,
          null,
          1,
          0,
          null,
          null
        ]
      }
    },
    "timestamp": 1643988783
  }
}
